<?xml version="1.0" encoding="UTF-8"?>
<coverage generated="1642913583724" clover="3.2.0">
  <project timestamp="1642913583724" name="All files">
    <metrics statements="53" coveredstatements="51" conditionals="35" coveredconditionals="30" methods="16" coveredmethods="16" elements="104" coveredelements="97" complexity="0" loc="53" ncloc="53" packages="1" files="6" classes="6"/>
    <file name="Cheese.js" path="/home/glaucovillasboas/Workspace/desafios_tecnicos/GildedRose-Refactoring-Kata/src/protocols/Cheese.js">
      <metrics statements="7" coveredstatements="7" conditionals="2" coveredconditionals="2" methods="2" coveredmethods="2"/>
      <line num="1" count="1" type="stmt"/>
      <line num="5" count="14" type="stmt"/>
      <line num="9" count="7" type="stmt"/>
      <line num="11" count="7" type="stmt"/>
      <line num="13" count="7" type="cond" truecount="2" falsecount="0"/>
      <line num="14" count="4" type="stmt"/>
      <line num="20" count="1" type="stmt"/>
    </file>
    <file name="Conjured.js" path="/home/glaucovillasboas/Workspace/desafios_tecnicos/GildedRose-Refactoring-Kata/src/protocols/Conjured.js">
      <metrics statements="3" coveredstatements="3" conditionals="0" coveredconditionals="0" methods="1" coveredmethods="1"/>
      <line num="1" count="1" type="stmt"/>
      <line num="5" count="16" type="stmt"/>
      <line num="9" count="1" type="stmt"/>
    </file>
    <file name="Item.js" path="/home/glaucovillasboas/Workspace/desafios_tecnicos/GildedRose-Refactoring-Kata/src/protocols/Item.js">
      <metrics statements="23" coveredstatements="21" conditionals="26" coveredconditionals="22" methods="6" coveredmethods="6"/>
      <line num="4" count="96" type="stmt"/>
      <line num="5" count="96" type="stmt"/>
      <line num="7" count="96" type="cond" truecount="1" falsecount="1"/>
      <line num="8" count="96" type="cond" truecount="2" falsecount="0"/>
      <line num="9" count="96" type="cond" truecount="2" falsecount="0"/>
      <line num="10" count="96" type="cond" truecount="2" falsecount="0"/>
      <line num="12" count="96" type="cond" truecount="1" falsecount="1"/>
      <line num="13" count="0" type="stmt"/>
      <line num="16" count="96" type="cond" truecount="2" falsecount="2"/>
      <line num="17" count="0" type="stmt"/>
      <line num="22" count="31" type="cond" truecount="2" falsecount="0"/>
      <line num="24" count="31" type="cond" truecount="2" falsecount="0"/>
      <line num="25" count="8" type="stmt"/>
      <line num="30" count="26" type="cond" truecount="2" falsecount="0"/>
      <line num="32" count="26" type="cond" truecount="2" falsecount="0"/>
      <line num="33" count="6" type="stmt"/>
      <line num="38" count="44" type="stmt"/>
      <line num="42" count="44" type="cond" truecount="2" falsecount="0"/>
      <line num="46" count="22" type="stmt"/>
      <line num="47" count="22" type="stmt"/>
      <line num="49" count="22" type="cond" truecount="2" falsecount="0"/>
      <line num="50" count="9" type="stmt"/>
      <line num="55" count="1" type="stmt"/>
    </file>
    <file name="Legendary.js" path="/home/glaucovillasboas/Workspace/desafios_tecnicos/GildedRose-Refactoring-Kata/src/protocols/Legendary.js">
      <metrics statements="4" coveredstatements="4" conditionals="0" coveredconditionals="0" methods="2" coveredmethods="2"/>
      <line num="1" count="1" type="stmt"/>
      <line num="6" count="8" type="stmt"/>
      <line num="10" count="4" type="stmt"/>
      <line num="14" count="1" type="stmt"/>
    </file>
    <file name="Pass.js" path="/home/glaucovillasboas/Workspace/desafios_tecnicos/GildedRose-Refactoring-Kata/src/protocols/Pass.js">
      <metrics statements="11" coveredstatements="11" conditionals="6" coveredconditionals="6" methods="2" coveredmethods="2"/>
      <line num="1" count="1" type="stmt"/>
      <line num="5" count="30" type="stmt"/>
      <line num="10" count="15" type="cond" truecount="2" falsecount="0"/>
      <line num="11" count="7" type="stmt"/>
      <line num="13" count="8" type="cond" truecount="2" falsecount="0"/>
      <line num="14" count="4" type="stmt"/>
      <line num="17" count="4" type="stmt"/>
      <line num="20" count="15" type="stmt"/>
      <line num="22" count="15" type="cond" truecount="2" falsecount="0"/>
      <line num="23" count="3" type="stmt"/>
      <line num="28" count="1" type="stmt"/>
    </file>
    <file name="Shop.js" path="/home/glaucovillasboas/Workspace/desafios_tecnicos/GildedRose-Refactoring-Kata/src/protocols/Shop.js">
      <metrics statements="5" coveredstatements="5" conditionals="1" coveredconditionals="0" methods="3" coveredmethods="3"/>
      <line num="3" count="14" type="stmt"/>
      <line num="7" count="14" type="stmt"/>
      <line num="8" count="48" type="stmt"/>
      <line num="11" count="14" type="stmt"/>
      <line num="15" count="1" type="stmt"/>
    </file>
  </project>
</coverage>
