TN:
SF:/home/glaucovillasboas/Workspace/desafios_tecnicos/GildedRose-Refactoring-Kata/src/protocols/Cheese.js
FN:4,(anonymous_0)
FN:8,(anonymous_1)
FNF:2
FNH:2
FNDA:14,(anonymous_0)
FNDA:7,(anonymous_1)
DA:1,1
DA:5,14
DA:9,7
DA:11,7
DA:13,7
DA:14,4
DA:20,1
LF:7
LH:7
BRDA:13,0,0,4
BRDA:13,0,1,3
BRF:2
BRH:2
end_of_record
TN:
SF:/home/glaucovillasboas/Workspace/desafios_tecnicos/GildedRose-Refactoring-Kata/src/protocols/Conjured.js
FN:4,(anonymous_0)
FNF:1
FNH:1
FNDA:16,(anonymous_0)
DA:1,1
DA:5,16
DA:9,1
LF:3
LH:3
BRF:0
BRH:0
end_of_record
TN:
SF:/home/glaucovillasboas/Workspace/desafios_tecnicos/GildedRose-Refactoring-Kata/src/protocols/Item.js
FN:3,(anonymous_0)
FN:21,(anonymous_1)
FN:29,(anonymous_2)
FN:37,(anonymous_3)
FN:41,(anonymous_4)
FN:45,(anonymous_5)
FNF:6
FNH:6
FNDA:96,(anonymous_0)
FNDA:31,(anonymous_1)
FNDA:26,(anonymous_2)
FNDA:44,(anonymous_3)
FNDA:44,(anonymous_4)
FNDA:22,(anonymous_5)
DA:4,96
DA:5,96
DA:7,96
DA:8,96
DA:9,96
DA:10,96
DA:12,96
DA:13,0
DA:16,96
DA:17,0
DA:22,31
DA:24,31
DA:25,8
DA:30,26
DA:32,26
DA:33,6
DA:38,44
DA:42,44
DA:46,22
DA:47,22
DA:49,22
DA:50,9
DA:55,1
LF:23
LH:21
BRDA:7,0,0,96
BRDA:7,0,1,0
BRDA:8,1,0,96
BRDA:8,1,1,14
BRDA:9,2,0,96
BRDA:9,2,1,26
BRDA:10,3,0,96
BRDA:10,3,1,80
BRDA:12,4,0,0
BRDA:12,4,1,96
BRDA:16,5,0,0
BRDA:16,5,1,96
BRDA:16,6,0,96
BRDA:16,6,1,0
BRDA:22,7,0,31
BRDA:22,7,1,31
BRDA:24,8,0,8
BRDA:24,8,1,23
BRDA:30,9,0,26
BRDA:30,9,1,11
BRDA:32,10,0,6
BRDA:32,10,1,20
BRDA:42,11,0,44
BRDA:42,11,1,44
BRDA:49,12,0,9
BRDA:49,12,1,13
BRF:26
BRH:22
end_of_record
TN:
SF:/home/glaucovillasboas/Workspace/desafios_tecnicos/GildedRose-Refactoring-Kata/src/protocols/Legendary.js
FN:5,(anonymous_0)
FN:9,(anonymous_1)
FNF:2
FNH:2
FNDA:8,(anonymous_0)
FNDA:4,(anonymous_1)
DA:1,1
DA:6,8
DA:10,4
DA:14,1
LF:4
LH:4
BRF:0
BRH:0
end_of_record
TN:
SF:/home/glaucovillasboas/Workspace/desafios_tecnicos/GildedRose-Refactoring-Kata/src/protocols/Pass.js
FN:4,(anonymous_0)
FN:8,(anonymous_1)
FNF:2
FNH:2
FNDA:30,(anonymous_0)
FNDA:15,(anonymous_1)
DA:1,1
DA:5,30
DA:10,15
DA:11,7
DA:13,8
DA:14,4
DA:17,4
DA:20,15
DA:22,15
DA:23,3
DA:28,1
LF:11
LH:11
BRDA:10,0,0,7
BRDA:10,0,1,8
BRDA:13,1,0,4
BRDA:13,1,1,4
BRDA:22,2,0,3
BRDA:22,2,1,12
BRF:6
BRH:6
end_of_record
TN:
SF:/home/glaucovillasboas/Workspace/desafios_tecnicos/GildedRose-Refactoring-Kata/src/protocols/Shop.js
FN:2,(anonymous_0)
FN:6,(anonymous_1)
FN:7,(anonymous_2)
FNF:3
FNH:3
FNDA:14,(anonymous_0)
FNDA:14,(anonymous_1)
FNDA:48,(anonymous_2)
DA:3,14
DA:7,14
DA:8,48
DA:11,14
DA:15,1
LF:5
LH:5
BRDA:2,0,0,0
BRF:1
BRH:0
end_of_record
